<?xml version="1.0" encoding="UTF-8"?>
<!-- Generated by org.testng.reporters.JUnitReportReporter -->
<testsuite skipped="0" hostname="A889346-1-LT" name="EDF_DC.EDFMonitoring" tests="1" failures="0" timestamp="11 Sep 2018 06:05:23 GMT" time="10.471" errors="0">
  <testcase name="ExistingMonitoring" time="10.471" classname="EDF_DC.EDFMonitoring"/>
</testsuite> <!-- EDF_DC.EDFMonitoring -->
