<?xml version="1.0" encoding="UTF-8"?>
<!-- Generated by org.testng.reporters.JUnitReportReporter -->
<testsuite skipped="0" hostname="A889346-1-LT" name="NewTest" tests="1" failures="0" timestamp="25 Jul 2018 10:31:43 GMT" time="12.438" errors="0">
  <testcase name="f" time="12.438" classname="NewTest"/>
</testsuite> <!-- NewTest -->
