<?xml version="1.0" encoding="UTF-8"?>
<!-- Generated by org.testng.reporters.JUnitReportReporter -->
<testsuite skipped="0" hostname="A889346-1-LT" name="EDF_DC.EdfAdd" tests="5" failures="0" timestamp="14 Aug 2018 11:32:30 GMT" time="89.139" errors="0">
  <testcase name="Data_Asset_ADD" time="21.831" classname="EDF_DC.EdfAdd"/>
  <testcase name="Schema" time="17.101" classname="EDF_DC.EdfAdd"/>
  <testcase name="transform" time="14.198" classname="EDF_DC.EdfAdd"/>
  <testcase name="AddFormat" time="20.848" classname="EDF_DC.EdfAdd"/>
  <testcase name="EndPoint" time="15.161" classname="EDF_DC.EdfAdd"/>
</testsuite> <!-- EDF_DC.EdfAdd -->
