<?xml version="1.0" encoding="UTF-8"?>
<!-- Generated by org.testng.reporters.JUnitReportReporter -->
<testsuite skipped="0" hostname="A889346-1-LT" name="EDF_DC.DCMonitoring" tests="1" failures="0" timestamp="14 Aug 2018 11:32:30 GMT" time="21.441" errors="0">
  <testcase name="f" time="21.441" classname="EDF_DC.DCMonitoring"/>
</testsuite> <!-- EDF_DC.DCMonitoring -->
